<?xml version="1.0" encoding="UTF-8"?>
<testsuite xmlns:xsi="http://www.w3.org/2001/XMLSchema-instance" xsi:noNamespaceSchemaLocation="https://maven.apache.org/surefire/maven-surefire-plugin/xsd/surefire-test-report-3.0.xsd" version="3.0" name="br.com.projetoApiCWI.tests.booking.tests.GetBookingTest" time="12.024" tests="2" errors="0" skipped="0" failures="0">
  <properties>
[...]
</properties>
  <testcase name="garantirContratoListaReserva" classname="br.com.projetoApiCWI.tests.booking.tests.GetBookingTest" time="7.231"/>
  <testcase name="validarIdsDasReservas" classname="br.com.projetoApiCWI.tests.booking.tests.GetBookingTest" time="2.427"/>
</testsuite>